{"E:\\dev\\circles\\circles-api\\src\\app.js": {"path":"E:\\dev\\circles\\circles-api\\src\\app.js","statementMap":{"0":{"start":{"line":1,"column":16},"end":{"line":1,"column":34}},"1":{"start":{"line":2,"column":15},"end":{"line":2,"column":34}},"2":{"start":{"line":3,"column":12},"end":{"line":3,"column":35}},"3":{"start":{"line":4,"column":13},"end":{"line":4,"column":41}},"4":{"start":{"line":5,"column":13},"end":{"line":5,"column":39}},"5":{"start":{"line":7,"column":18},"end":{"line":10,"column":1}},"6":{"start":{"line":8,"column":14},"end":{"line":8,"column":44}},"7":{"start":{"line":9,"column":2},"end":{"line":9,"column":25}},"8":{"start":{"line":12,"column":12},"end":{"line":12,"column":21}},"9":{"start":{"line":13,"column":0},"end":{"line":13,"column":12}},"10":{"start":{"line":15,"column":0},"end":{"line":22,"column":3}},"11":{"start":{"line":16,"column":2},"end":{"line":17,"column":62}},"12":{"start":{"line":16,"column":11},"end":{"line":16,"column":26}},"13":{"start":{"line":17,"column":7},"end":{"line":17,"column":62}},"14":{"start":{"line":20,"column":17},"end":{"line":20,"column":34}},"15":{"start":{"line":21,"column":2},"end":{"line":21,"column":41}},"16":{"start":{"line":24,"column":0},"end":{"line":24,"column":20}}},"fnMap":{"0":{"name":"(anonymous_0)","decl":{"start":{"line":7,"column":18},"end":{"line":7,"column":19}},"loc":{"start":{"line":7,"column":30},"end":{"line":10,"column":1}},"line":7},"1":{"name":"(anonymous_1)","decl":{"start":{"line":15,"column":17},"end":{"line":15,"column":18}},"loc":{"start":{"line":15,"column":32},"end":{"line":22,"column":1}},"line":15}},"branchMap":{"0":{"loc":{"start":{"line":16,"column":2},"end":{"line":17,"column":62}},"type":"if","locations":[{"start":{"line":16,"column":2},"end":{"line":17,"column":62}},{"start":{"line":16,"column":2},"end":{"line":17,"column":62}}],"line":16}},"s":{"0":1,"1":1,"2":1,"3":1,"4":1,"5":1,"6":1,"7":0,"8":1,"9":1,"10":1,"11":1,"12":0,"13":1,"14":1,"15":0,"16":1},"f":{"0":1,"1":1},"b":{"0":[0,1]},"_coverageSchema":"43e27e138ebf9cfc5966b082cf9a028302ed4184","hash":"28b471414a5fccd8f7c6d8090d5b0d3e5c1d35c4"}
}
